<?xml version="1.0" encoding="UTF-8"?><testrun name="PART3_VehicleSetTest" project="SSD_2023_Mock_Assign" tests="10" started="10" failures="2" errors="0" ignored="0">
  <testsuite name="test.PART3_VehicleSetTest" time="0.044" displayname="PART3_VehicleSetTest" uniqueid="[engine:junit-jupiter]/[class:test.PART3_VehicleSetTest]">
    <testcase name="testVehicleSetRemove" classname="test.PART3_VehicleSetTest" time="0.021" displayname="testVehicleSetRemove()" uniqueid="[engine:junit-jupiter]/[class:test.PART3_VehicleSetTest]/[method:testVehicleSetRemove()]"/>
    <testcase name="testVehicleSetAdd" classname="test.PART3_VehicleSetTest" time="0.001" displayname="testVehicleSetAdd()" uniqueid="[engine:junit-jupiter]/[class:test.PART3_VehicleSetTest]/[method:testVehicleSetAdd()]"/>
    <testcase name="testVehicleSetGetLargestRange" classname="test.PART3_VehicleSetTest" time="0.001" displayname="testVehicleSetGetLargestRange()" uniqueid="[engine:junit-jupiter]/[class:test.PART3_VehicleSetTest]/[method:testVehicleSetGetLargestRange()]"/>
    <testcase name="testVehicleContainsVehicleWithRegAdvanced" classname="test.PART3_VehicleSetTest" time="0.0" displayname="testVehicleContainsVehicleWithRegAdvanced()" uniqueid="[engine:junit-jupiter]/[class:test.PART3_VehicleSetTest]/[method:testVehicleContainsVehicleWithRegAdvanced()]"/>
    <testcase name="testVehicleSetClear" classname="test.PART3_VehicleSetTest" time="0.0" displayname="testVehicleSetClear()" uniqueid="[engine:junit-jupiter]/[class:test.PART3_VehicleSetTest]/[method:testVehicleSetClear()]"/>
    <testcase name="testVehicleSetCount" classname="test.PART3_VehicleSetTest" time="0.0" displayname="testVehicleSetCount()" uniqueid="[engine:junit-jupiter]/[class:test.PART3_VehicleSetTest]/[method:testVehicleSetCount()]"/>
    <testcase name="testVehicleContainsVehicleWithReg" classname="test.PART3_VehicleSetTest" time="0.0" displayname="testVehicleContainsVehicleWithReg()" uniqueid="[engine:junit-jupiter]/[class:test.PART3_VehicleSetTest]/[method:testVehicleContainsVehicleWithReg()]"/>
    <testcase name="testVehicleSetContains" classname="test.PART3_VehicleSetTest" time="0.0" displayname="testVehicleSetContains()" uniqueid="[engine:junit-jupiter]/[class:test.PART3_VehicleSetTest]/[method:testVehicleSetContains()]"/>
    <testcase name="testVehicleSetCountVehiclesOfModel" classname="test.PART3_VehicleSetTest" time="0.008" displayname="testVehicleSetCountVehiclesOfModel()" uniqueid="[engine:junit-jupiter]/[class:test.PART3_VehicleSetTest]/[method:testVehicleSetCountVehiclesOfModel()]">
      <failure>
        <expected>2</expected>
        <actual>0</actual>
        org.opentest4j.AssertionFailedError: VehicleSet.countVehiclesOfModel() not working? ==&gt; expected: &lt;2&gt; but was: &lt;0&gt;&#13;
	at org.junit.jupiter.api.AssertionFailureBuilder.build(AssertionFailureBuilder.java:151)&#13;
	at org.junit.jupiter.api.AssertionFailureBuilder.buildAndThrow(AssertionFailureBuilder.java:132)&#13;
	at org.junit.jupiter.api.AssertEquals.failNotEqual(AssertEquals.java:197)&#13;
	at org.junit.jupiter.api.AssertEquals.assertEquals(AssertEquals.java:150)&#13;
	at org.junit.jupiter.api.Assertions.assertEquals(Assertions.java:559)&#13;
	at test.PART3_VehicleSetTest.testVehicleSetCountVehiclesOfModel(PART3_VehicleSetTest.java:166)&#13;
	at java.base/java.lang.reflect.Method.invoke(Method.java:580)&#13;
	at java.base/java.util.ArrayList.forEach(ArrayList.java:1596)&#13;
	at java.base/java.util.ArrayList.forEach(ArrayList.java:1596)&#13;
&#13;

      </failure>
    </testcase>
    <testcase name="testVehicleSetCountVehiclesOfModelAdvanced" classname="test.PART3_VehicleSetTest" time="0.003" displayname="testVehicleSetCountVehiclesOfModelAdvanced()" uniqueid="[engine:junit-jupiter]/[class:test.PART3_VehicleSetTest]/[method:testVehicleSetCountVehiclesOfModelAdvanced()]">
      <failure>org.opentest4j.AssertionFailedError: VehicleSet.countVehiclesOfModel() throwing an exception when null model value passed, should return 0&#13;
	at org.junit.jupiter.api.AssertionUtils.fail(AssertionUtils.java:38)&#13;
	at org.junit.jupiter.api.Assertions.fail(Assertions.java:134)&#13;
	at test.PART3_VehicleSetTest.testVehicleSetCountVehiclesOfModelAdvanced(PART3_VehicleSetTest.java:199)&#13;
	at java.base/java.lang.reflect.Method.invoke(Method.java:580)&#13;
	at java.base/java.util.ArrayList.forEach(ArrayList.java:1596)&#13;
	at java.base/java.util.ArrayList.forEach(ArrayList.java:1596)&#13;
&#13;
</failure>
    </testcase>
  </testsuite>
</testrun>
