<?xml version="1.0" encoding="UTF-8"?><testrun name="PART3_VehicleSetTest" project="SSD_2023_Mock_Assign" tests="10" started="10" failures="1" errors="1" ignored="0">
  <testsuite name="test.PART3_VehicleSetTest" time="0.042" displayname="PART3_VehicleSetTest" uniqueid="[engine:junit-jupiter]/[class:test.PART3_VehicleSetTest]">
    <testcase name="testVehicleSetRemove" classname="test.PART3_VehicleSetTest" time="0.016" displayname="testVehicleSetRemove()" uniqueid="[engine:junit-jupiter]/[class:test.PART3_VehicleSetTest]/[method:testVehicleSetRemove()]"/>
    <testcase name="testVehicleSetAdd" classname="test.PART3_VehicleSetTest" time="0.001" displayname="testVehicleSetAdd()" uniqueid="[engine:junit-jupiter]/[class:test.PART3_VehicleSetTest]/[method:testVehicleSetAdd()]"/>
    <testcase name="testVehicleSetGetLargestRange" classname="test.PART3_VehicleSetTest" time="0.003" displayname="testVehicleSetGetLargestRange()" uniqueid="[engine:junit-jupiter]/[class:test.PART3_VehicleSetTest]/[method:testVehicleSetGetLargestRange()]"/>
    <testcase name="testVehicleContainsVehicleWithRegAdvanced" classname="test.PART3_VehicleSetTest" time="0.001" displayname="testVehicleContainsVehicleWithRegAdvanced()" uniqueid="[engine:junit-jupiter]/[class:test.PART3_VehicleSetTest]/[method:testVehicleContainsVehicleWithRegAdvanced()]"/>
    <testcase name="testVehicleSetClear" classname="test.PART3_VehicleSetTest" time="0.001" displayname="testVehicleSetClear()" uniqueid="[engine:junit-jupiter]/[class:test.PART3_VehicleSetTest]/[method:testVehicleSetClear()]"/>
    <testcase name="testVehicleSetCount" classname="test.PART3_VehicleSetTest" time="0.0" displayname="testVehicleSetCount()" uniqueid="[engine:junit-jupiter]/[class:test.PART3_VehicleSetTest]/[method:testVehicleSetCount()]"/>
    <testcase name="testVehicleContainsVehicleWithReg" classname="test.PART3_VehicleSetTest" time="0.0" displayname="testVehicleContainsVehicleWithReg()" uniqueid="[engine:junit-jupiter]/[class:test.PART3_VehicleSetTest]/[method:testVehicleContainsVehicleWithReg()]"/>
    <testcase name="testVehicleSetContains" classname="test.PART3_VehicleSetTest" time="0.0" displayname="testVehicleSetContains()" uniqueid="[engine:junit-jupiter]/[class:test.PART3_VehicleSetTest]/[method:testVehicleSetContains()]"/>
    <testcase name="testVehicleSetCountVehiclesOfModel" classname="test.PART3_VehicleSetTest" time="0.01" displayname="testVehicleSetCountVehiclesOfModel()" uniqueid="[engine:junit-jupiter]/[class:test.PART3_VehicleSetTest]/[method:testVehicleSetCountVehiclesOfModel()]">
      <error>java.lang.Error: Unresolved compilation problems: 
	Unhandled exception type Exception
	Unhandled exception type Exception
	Unhandled exception type Exception
	Unhandled exception type Exception
	Unhandled exception type Exception
	Unhandled exception type Exception
	Unhandled exception type Exception
&#13;
	at test.PART3_VehicleSetTest.testVehicleSetCountVehiclesOfModel(PART3_VehicleSetTest.java:160)&#13;
	at java.base/java.lang.reflect.Method.invoke(Method.java:580)&#13;
	at java.base/java.util.ArrayList.forEach(ArrayList.java:1596)&#13;
	at java.base/java.util.ArrayList.forEach(ArrayList.java:1596)&#13;
&#13;
</error>
    </testcase>
    <testcase name="testVehicleSetCountVehiclesOfModelAdvanced" classname="test.PART3_VehicleSetTest" time="0.004" displayname="testVehicleSetCountVehiclesOfModelAdvanced()" uniqueid="[engine:junit-jupiter]/[class:test.PART3_VehicleSetTest]/[method:testVehicleSetCountVehiclesOfModelAdvanced()]">
      <failure>org.opentest4j.AssertionFailedError: VehicleSet.countVehiclesOfModel() throwing an exception when null model value passed, should return 0&#13;
	at org.junit.jupiter.api.AssertionUtils.fail(AssertionUtils.java:38)&#13;
	at org.junit.jupiter.api.Assertions.fail(Assertions.java:134)&#13;
	at test.PART3_VehicleSetTest.testVehicleSetCountVehiclesOfModelAdvanced(PART3_VehicleSetTest.java:199)&#13;
	at java.base/java.lang.reflect.Method.invoke(Method.java:580)&#13;
	at java.base/java.util.ArrayList.forEach(ArrayList.java:1596)&#13;
	at java.base/java.util.ArrayList.forEach(ArrayList.java:1596)&#13;
&#13;
</failure>
    </testcase>
  </testsuite>
</testrun>
