<?xml version="1.0" encoding="UTF-8"?><testrun name="PART1_TrainTest" project="SSD_2023_Mock_Assign" tests="10" started="10" failures="3" errors="0" ignored="0">
  <testsuite name="test.PART1_TrainTest" time="0.001" displayname="PART1_TrainTest" uniqueid="[engine:junit-jupiter]/[class:test.PART1_TrainTest]">
    <testcase name="testTrainDefaultRange" classname="test.PART1_TrainTest" time="0.0" displayname="testTrainDefaultRange()" uniqueid="[engine:junit-jupiter]/[class:test.PART1_TrainTest]/[method:testTrainDefaultRange()]"/>
    <testcase name="testTrainSetMaxRange" classname="test.PART1_TrainTest" time="0.0" displayname="testTrainSetMaxRange()" uniqueid="[engine:junit-jupiter]/[class:test.PART1_TrainTest]/[method:testTrainSetMaxRange()]"/>
    <testcase name="testTrainSetPassengerCount" classname="test.PART1_TrainTest" time="0.0" displayname="testTrainSetPassengerCount()" uniqueid="[engine:junit-jupiter]/[class:test.PART1_TrainTest]/[method:testTrainSetPassengerCount()]"/>
    <testcase name="testTrainGetTrainLen" classname="test.PART1_TrainTest" time="0.0" displayname="testTrainGetTrainLen()" uniqueid="[engine:junit-jupiter]/[class:test.PART1_TrainTest]/[method:testTrainGetTrainLen()]"/>
    <testcase name="testTrainWheels" classname="test.PART1_TrainTest" time="0.0" displayname="testTrainWheels()" uniqueid="[engine:junit-jupiter]/[class:test.PART1_TrainTest]/[method:testTrainWheels()]"/>
    <testcase name="testTrainDefaultPassengers" classname="test.PART1_TrainTest" time="0.0" displayname="testTrainDefaultPassengers()" uniqueid="[engine:junit-jupiter]/[class:test.PART1_TrainTest]/[method:testTrainDefaultPassengers()]"/>
    <testcase name="testTrainModel" classname="test.PART1_TrainTest" time="0.0" displayname="testTrainModel()" uniqueid="[engine:junit-jupiter]/[class:test.PART1_TrainTest]/[method:testTrainModel()]">
      <failure>
        <expected>true</expected>
        <actual>false</actual>
        org.opentest4j.AssertionFailedError: The model name of Train (t1) should be "High Speed Train" ==&gt; expected: &lt;true&gt; but was: &lt;false&gt;&#13;
	at org.junit.jupiter.api.AssertionFailureBuilder.build(AssertionFailureBuilder.java:151)&#13;
	at org.junit.jupiter.api.AssertionFailureBuilder.buildAndThrow(AssertionFailureBuilder.java:132)&#13;
	at org.junit.jupiter.api.AssertTrue.failNotTrue(AssertTrue.java:63)&#13;
	at org.junit.jupiter.api.AssertTrue.assertTrue(AssertTrue.java:36)&#13;
	at org.junit.jupiter.api.Assertions.assertTrue(Assertions.java:210)&#13;
	at test.PART1_TrainTest.testTrainModel(PART1_TrainTest.java:30)&#13;
	at java.base/java.lang.reflect.Method.invoke(Method.java:580)&#13;
	at java.base/java.util.ArrayList.forEach(ArrayList.java:1596)&#13;
	at java.base/java.util.ArrayList.forEach(ArrayList.java:1596)&#13;
&#13;

      </failure>
    </testcase>
    <testcase name="testTrainRegistration" classname="test.PART1_TrainTest" time="0.0" displayname="testTrainRegistration()" uniqueid="[engine:junit-jupiter]/[class:test.PART1_TrainTest]/[method:testTrainRegistration()]">
      <failure>
        <expected>true</expected>
        <actual>false</actual>
        org.opentest4j.AssertionFailedError: The reg of Train (t1) should be "123-A" ==&gt; expected: &lt;true&gt; but was: &lt;false&gt;&#13;
	at org.junit.jupiter.api.AssertionFailureBuilder.build(AssertionFailureBuilder.java:151)&#13;
	at org.junit.jupiter.api.AssertionFailureBuilder.buildAndThrow(AssertionFailureBuilder.java:132)&#13;
	at org.junit.jupiter.api.AssertTrue.failNotTrue(AssertTrue.java:63)&#13;
	at org.junit.jupiter.api.AssertTrue.assertTrue(AssertTrue.java:36)&#13;
	at org.junit.jupiter.api.Assertions.assertTrue(Assertions.java:210)&#13;
	at test.PART1_TrainTest.testTrainRegistration(PART1_TrainTest.java:40)&#13;
	at java.base/java.lang.reflect.Method.invoke(Method.java:580)&#13;
	at java.base/java.util.ArrayList.forEach(ArrayList.java:1596)&#13;
	at java.base/java.util.ArrayList.forEach(ArrayList.java:1596)&#13;
&#13;

      </failure>
    </testcase>
    <testcase name="testTrainAll" classname="test.PART1_TrainTest" time="0.0" displayname="testTrainAll()" uniqueid="[engine:junit-jupiter]/[class:test.PART1_TrainTest]/[method:testTrainAll()]">
      <failure>
        <expected>true</expected>
        <actual>false</actual>
        org.opentest4j.AssertionFailedError: The model name of Train (t1) should be "Basic Train" ==&gt; expected: &lt;true&gt; but was: &lt;false&gt;&#13;
	at org.junit.jupiter.api.AssertionFailureBuilder.build(AssertionFailureBuilder.java:151)&#13;
	at org.junit.jupiter.api.AssertionFailureBuilder.buildAndThrow(AssertionFailureBuilder.java:132)&#13;
	at org.junit.jupiter.api.AssertTrue.failNotTrue(AssertTrue.java:63)&#13;
	at org.junit.jupiter.api.AssertTrue.assertTrue(AssertTrue.java:36)&#13;
	at org.junit.jupiter.api.Assertions.assertTrue(Assertions.java:210)&#13;
	at test.PART1_TrainTest.testTrainAll(PART1_TrainTest.java:112)&#13;
	at java.base/java.lang.reflect.Method.invoke(Method.java:580)&#13;
	at java.base/java.util.ArrayList.forEach(ArrayList.java:1596)&#13;
	at java.base/java.util.ArrayList.forEach(ArrayList.java:1596)&#13;
&#13;

      </failure>
    </testcase>
    <testcase name="testTrainZeroTrainLen" classname="test.PART1_TrainTest" time="0.0" displayname="testTrainZeroTrainLen()" uniqueid="[engine:junit-jupiter]/[class:test.PART1_TrainTest]/[method:testTrainZeroTrainLen()]"/>
  </testsuite>
</testrun>
